<?xml version="1.0" encoding="UTF-8"?>
<!-- Generated by org.testng.reporters.JUnitReportReporter -->
<testsuite hostname="SOURAV-PC" failures="0" tests="2" name="com.crm.Vtiger.LeadsTest.TC_07_createLeadByDiffrentIndustryTest" time="38.807" errors="0" timestamp="2021-09-15T12:28:17 IST" skipped="0">
  <testcase classname="com.crm.Vtiger.LeadsTest.TC_07_createLeadByDiffrentIndustryTest" name="loginTest" time="15.698"/>
  <system-out/>
  <testcase classname="com.crm.Vtiger.LeadsTest.TC_07_createLeadByDiffrentIndustryTest" name="loginTest" time="23.109"/>
  <system-out/>
</testsuite> <!-- com.crm.Vtiger.LeadsTest.TC_07_createLeadByDiffrentIndustryTest -->
