<?xml version="1.0" encoding="UTF-8"?>
<!-- Generated by org.testng.reporters.JUnitReportReporter -->
<testsuite hostname="SOURAV-PC" failures="0" tests="1" name="com.crm.Vtiger.LeadsTest.TC_06_createLeadByDiffrentLeadSourceTest" time="9.082" errors="0" timestamp="2021-09-15T12:01:44 IST" skipped="0">
  <testcase classname="com.crm.Vtiger.LeadsTest.TC_06_createLeadByDiffrentLeadSourceTest" name="forRegional" time="9.082"/>
  <system-out/>
</testsuite> <!-- com.crm.Vtiger.LeadsTest.TC_06_createLeadByDiffrentLeadSourceTest -->
