<?xml version="1.0" encoding="UTF-8"?>
<!-- Generated by org.testng.reporters.JUnitReportReporter -->
<testsuite hostname="SOURAV-PC" failures="0" tests="1" name="com.crm.Vtiger.LeadsTest.TC_08_createLeadByDiffrentLeadStatusTest" time="24.034" errors="0" timestamp="2021-09-15T12:08:16 IST" skipped="0">
  <testcase classname="com.crm.Vtiger.LeadsTest.TC_08_createLeadByDiffrentLeadStatusTest" name="loginTest" time="24.034"/>
  <system-out/>
</testsuite> <!-- com.crm.Vtiger.LeadsTest.TC_08_createLeadByDiffrentLeadStatusTest -->
